<?xml version="1.0" encoding="UTF-8"?>
<testng-results ignored="0" total="1" passed="1" failed="0" skipped="0">
  <reporter-output>
  </reporter-output>
  <suite started-at="2024-01-08T21:32:09 IST" name="Default suite" finished-at="2024-01-08T21:32:14 IST" duration-ms="5374">
    <groups>
    </groups>
    <test started-at="2024-01-08T21:32:09 IST" name="Default test" finished-at="2024-01-08T21:32:14 IST" duration-ms="5374">
      <class name="ExtentReport.DemoExtentReport">
        <test-method is-config="true" signature="config()[pri:0, instance:ExtentReport.DemoExtentReport@5a59ca5e]" started-at="2024-01-08T21:32:08 IST" name="config" finished-at="2024-01-08T21:32:09 IST" duration-ms="311" status="PASS">
          <reporter-output>
          </reporter-output>
        </test-method> <!-- config -->
        <test-method signature="showExtentReport()[pri:0, instance:ExtentReport.DemoExtentReport@5a59ca5e]" started-at="2024-01-08T21:32:09 IST" name="showExtentReport" finished-at="2024-01-08T21:32:14 IST" duration-ms="5317" status="PASS">
          <reporter-output>
          </reporter-output>
        </test-method> <!-- showExtentReport -->
      </class> <!-- ExtentReport.DemoExtentReport -->
    </test> <!-- Default test -->
  </suite> <!-- Default suite -->
</testng-results>
